<?xml version="1.0" encoding="UTF-8"?>
<!-- Generated by org.testng.reporters.JUnitReportReporter -->
<testsuite hostname="lin80024259" failures="0" tests="2" name="com.Sprint.ValidatingLoginCredentials" time="23.231" errors="0" timestamp="2022-06-09T10:56:59 IST" skipped="0">
  <testcase classname="com.Sprint.ValidatingLoginCredentials" name="ValidatingLogInCredentialsTest" time="16.321"/>
  <system-out/>
  <testcase classname="com.Sprint.ValidatingLoginCredentials" name="Screenshot" time="6.910"/>
  <system-out/>
</testsuite> <!-- com.Sprint.ValidatingLoginCredentials -->
