<?xml version="1.0" encoding="UTF-8"?>
<!-- Generated by org.testng.reporters.JUnitReportReporter -->
<testsuite hostname="lin80024259" failures="0" tests="3" name="com.Sprint.ValidatingRequestQuotation" time="123.365" errors="0" timestamp="2022-06-09T11:01:53 IST" skipped="0">
  <testcase classname="com.Sprint.ValidatingRequestQuotation" name="ValidatingCalculatePremiumTest" time="42.306"/>
  <system-out/>
  <testcase classname="com.Sprint.ValidatingRequestQuotation" name="ValidatingResetFormButtonTest" time="40.881"/>
  <system-out/>
  <testcase classname="com.Sprint.ValidatingRequestQuotation" name="ValidatingSaveQuotationButtonTest" time="40.178"/>
  <system-out/>
</testsuite> <!-- com.Sprint.ValidatingRequestQuotation -->
