<?xml version="1.0" encoding="UTF-8"?>
<!-- Generated by org.testng.reporters.JUnitReportReporter -->
<testsuite hostname="lin80024259" failures="0" tests="3" name="com.Sprint.ValidatingRegisterButton_Title_GuruLogo" time="48.532" errors="0" timestamp="2022-06-09T11:38:32 IST" skipped="0">
  <testcase classname="com.Sprint.ValidatingRegisterButton_Title_GuruLogo" name="RegisterButtonTest" time="16.588"/>
  <system-out/>
  <testcase classname="com.Sprint.ValidatingRegisterButton_Title_GuruLogo" name="VerifyGuruLogoTest" time="16.484"/>
  <system-out/>
  <testcase classname="com.Sprint.ValidatingRegisterButton_Title_GuruLogo" name="VerifyGuru99TtitleTest" time="15.460"/>
  <system-out/>
</testsuite> <!-- com.Sprint.ValidatingRegisterButton_Title_GuruLogo -->
