<?xml version="1.0" encoding="UTF-8"?>
<!-- Generated by org.testng.reporters.JUnitReportReporter -->
<testsuite hostname="lin80024259" failures="0" tests="2" name="com.Sprint.ValidatingRegistrationResetCreate" time="64.678" errors="0" timestamp="2022-06-09T07:27:13 IST" skipped="0">
  <testcase classname="com.Sprint.ValidatingRegistrationResetCreate" name="ValidatingResetButton" time="27.691"/>
  <system-out/>
  <testcase classname="com.Sprint.ValidatingRegistrationResetCreate" name="ValidatingCreateButton" time="36.987"/>
  <system-out/>
</testsuite> <!-- com.Sprint.ValidatingRegistrationResetCreate -->
