<?xml version="1.0" encoding="UTF-8"?>
<!-- Generated by org.testng.reporters.JUnitReportReporter -->
<testsuite hostname="lin80024259" failures="0" tests="2" name="com.Sprint.ValidationRetrieveQuotation" time="48.561" errors="0" timestamp="2022-06-09T11:02:51 IST" skipped="0">
  <testcase classname="com.Sprint.ValidationRetrieveQuotation" name="ValidatingSaveQuotationButtonTest" time="28.510"/>
  <system-out/>
  <testcase classname="com.Sprint.ValidationRetrieveQuotation" name="ValidatingRetrieveQuotationButtonTest" time="20.051"/>
  <system-out/>
</testsuite> <!-- com.Sprint.ValidationRetrieveQuotation -->
