<?xml version="1.0" encoding="UTF-8"?>
<!-- Generated by org.testng.reporters.JUnitReportReporter -->
<testsuite hostname="lin80024259" failures="0" tests="3" name="com.Sprint.ValidatingRequestQuotation" time="88.468" errors="0" timestamp="2022-06-09T13:26:08 IST" skipped="0">
  <testcase classname="com.Sprint.ValidatingRequestQuotation" name="ValidatingCalculatePremiumTest" time="42.015"/>
  <system-out/>
  <testcase classname="com.Sprint.ValidatingRequestQuotation" name="ValidatingResetFormButtonTest" time="6.687"/>
  <system-out/>
  <testcase classname="com.Sprint.ValidatingRequestQuotation" name="ValidatingSaveQuotationButtonTest" time="39.766"/>
  <system-out/>
</testsuite> <!-- com.Sprint.ValidatingRequestQuotation -->
