<?xml version="1.0" encoding="UTF-8"?>
<!-- Generated by org.testng.reporters.JUnitReportReporter -->
<testsuite hostname="lin80024259" failures="0" tests="3" name="com.Sprint.ValidatingRegisterButton_Title_GuruLogo" time="43.471" errors="0" timestamp="2022-06-09T10:59:12 IST" skipped="0">
  <testcase classname="com.Sprint.ValidatingRegisterButton_Title_GuruLogo" name="RegisterButtonTest" time="14.589"/>
  <system-out/>
  <testcase classname="com.Sprint.ValidatingRegisterButton_Title_GuruLogo" name="VerifyGuruLogoTest" time="15.580"/>
  <system-out/>
  <testcase classname="com.Sprint.ValidatingRegisterButton_Title_GuruLogo" name="VerifyGuru99TtitleTest" time="13.302"/>
  <system-out/>
</testsuite> <!-- com.Sprint.ValidatingRegisterButton_Title_GuruLogo -->
