<?xml version="1.0" encoding="UTF-8"?>
<!-- Generated by org.testng.reporters.JUnitReportReporter -->
<testsuite hostname="lin80024259" failures="0" tests="2" name="com.Sprint.ValidatingGuruLogoAndTitle" time="15.386" errors="0" timestamp="2022-06-09T10:55:05 IST" skipped="0">
  <testcase classname="com.Sprint.ValidatingGuruLogoAndTitle" name="VerifyGuruLogoTest" time="8.162"/>
  <system-out/>
  <testcase classname="com.Sprint.ValidatingGuruLogoAndTitle" name="VerifyGuru99TtitleTest" time="7.224"/>
  <system-out/>
</testsuite> <!-- com.Sprint.ValidatingGuruLogoAndTitle -->
